0 info it worked if it ends with ok
1 verbose cli [ 'node', '/usr/local/bin/npm', 'publish' ]
2 info using npm@2.5.1
3 info using node@v0.12.0
4 verbose node symlink /usr/local/bin/node
5 verbose publish [ '.' ]
6 silly cache add args [ '.', null ]
7 verbose cache add spec .
8 silly cache add parsed spec { raw: '.',
8 silly cache add   scope: null,
8 silly cache add   name: null,
8 silly cache add   rawSpec: '.',
8 silly cache add   spec: '/Users/Phil/Code/generator-frnt',
8 silly cache add   type: 'directory' }
9 verbose addLocalDirectory /Users/Phil/.npm/generator-frnt/0.3.0/package.tgz not in flight; packing
10 verbose tar pack [ '/Users/Phil/.npm/generator-frnt/0.3.0/package.tgz',
10 verbose tar pack   '/Users/Phil/Code/generator-frnt' ]
11 verbose tarball /Users/Phil/.npm/generator-frnt/0.3.0/package.tgz
12 verbose folder /Users/Phil/Code/generator-frnt
13 info prepublish generator-frnt@0.3.0
14 verbose addLocalTarball adding from inside cache /Users/Phil/.npm/generator-frnt/0.3.0/package.tgz
15 silly cache afterAdd generator-frnt@0.3.0
16 verbose afterAdd /Users/Phil/.npm/generator-frnt/0.3.0/package/package.json not in flight; writing
17 verbose afterAdd /Users/Phil/.npm/generator-frnt/0.3.0/package/package.json written
18 silly publish { name: 'generator-frnt',
18 silly publish   version: '0.3.0',
18 silly publish   description: 'Front End Scaffolding for Stitch Projects',
18 silly publish   license: 'MIT',
18 silly publish   main: 'app/index.js',
18 silly publish   repository:
18 silly publish    { type: 'git',
18 silly publish      url: 'https://github.com/nathanaelphilip/generator-frnt' },
18 silly publish   author:
18 silly publish    { name: 'Nathanael Moody',
18 silly publish      email: 'phil@stitchdesignco.com',
18 silly publish      url: 'http://bitbucket.org/stitchdesignco/' },
18 silly publish   engines: { node: '>=0.10.0' },
18 silly publish   files: [ 'app' ],
18 silly publish   keywords: [ 'yeoman-generator' ],
18 silly publish   dependencies:
18 silly publish    { 'yeoman-generator': '^0.18.8',
18 silly publish      chalk: '^0.5.1',
18 silly publish      yosay: '^1.0.2' },
18 silly publish   devDependencies: { mocha: '*' },
18 silly publish   peerDependencies: { yo: '>=1.4.5' },
18 silly publish   readme: '# generator-frnt\n\n> [Yeoman](http://yeoman.io) generator\n\n## FRNT\nA start up generator for Front End Web Projects.\n\n#### About\nFRNT reduces the amount of time it takes to start a website project.\nIt aims to be light and flexible and is built more for brochure sites than for large applications.\n\n### Install\n\nInstall\n\n`npm install -g generator-frnt`\n\nMake a new directory and cd into it:\n\n`mkdir new-website-project && cd $_`\n\nRun yo frnt to set things up!\n\n`yo frnt`\n\nChange into the html directory and start up gulp!\n\n`cd html; gulp`\n\n#### Technologies\n- [dandelion](https://github.com/scttnlsn/dandelion) (for deploying)\n- [gulp](http://gulpjs.com)\n- [myth](http://myth.io)\n- [sass](http://sass-lang.com) \n\t- [autoprefixing](https://www.npmjs.com/package/gulp-autoprefixer)\n- [css comb](http://csscomb.com)\n- [live reload](http://livereload.com)\n\n\n#### Issues\nFeel free to submit requests as issues!',
18 silly publish   readmeFilename: 'README.md',
18 silly publish   gitHead: '58396d9dca49a61aff63cfc05e03207d37183ea6',
18 silly publish   bugs: { url: 'https://github.com/nathanaelphilip/generator-frnt/issues' },
18 silly publish   homepage: 'https://github.com/nathanaelphilip/generator-frnt',
18 silly publish   _id: 'generator-frnt@0.3.0',
18 silly publish   scripts: {},
18 silly publish   _shasum: '3a1bf4aa64deb53fd4ccdb1584553813077de857',
18 silly publish   _from: '.' }
19 silly mapToRegistry name generator-frnt
20 silly mapToRegistry using default registry
21 silly mapToRegistry registry https://registry.npmjs.org/
22 silly mapToRegistry uri https://registry.npmjs.org/generator-frnt
23 verbose publish registryBase https://registry.npmjs.org/
24 silly publish uploading /Users/Phil/.npm/generator-frnt/0.3.0/package.tgz
25 verbose request uri https://registry.npmjs.org/generator-frnt
26 verbose request sending authorization for write operation
27 info attempt registry request try #1 at 12:55:06
28 verbose request id e627af4d88e922e3
29 http request PUT https://registry.npmjs.org/generator-frnt
30 http 403 https://registry.npmjs.org/generator-frnt
31 verbose headers { date: 'Tue, 17 Feb 2015 17:55:08 GMT',
31 verbose headers   server: 'CouchDB/1.5.0 (Erlang OTP/R16B03)',
31 verbose headers   'content-type': 'application/json',
31 verbose headers   'cache-control': 'max-age=60',
31 verbose headers   'content-length': '3974',
31 verbose headers   'accept-ranges': 'bytes',
31 verbose headers   via: '1.1 varnish',
31 verbose headers   'x-served-by': 'cache-ord1727-ORD',
31 verbose headers   'x-cache': 'MISS',
31 verbose headers   'x-cache-hits': '0',
31 verbose headers   'x-timer': 'S1424195708.167311,VS0,VE127',
31 verbose headers   'keep-alive': 'timeout=10, max=50',
31 verbose headers   connection: 'Keep-Alive' }
32 verbose request invalidating /Users/Phil/.npm/registry.npmjs.org/generator-frnt on PUT
33 error publish Failed PUT 403
34 verbose stack Error: forbidden cannot modify pre-existing version: 0.3.0
34 verbose stack old={"name":"generator-frnt","version":"0.3.0","description":"Front End Scaffolding for Stitch Projects","license":"MIT","main":"app/index.js","repository":{"type":"git","url":"https://github.com/nathanaelphilip/generator-frnt"},"author":{"name":"Nathanael Moody","email":"phil@stitchdesignco.com","url":"http://bitbucket.org/stitchdesignco/"},"engines":{"node":">=0.10.0"},"files":["app"],"keywords":["yeoman-generator"],"dependencies":{"yeoman-generator":"^0.18.8","chalk":"^0.5.1","yosay":"^1.0.2"},"devDependencies":{"mocha":"*"},"peerDependencies":{"yo":">=1.4.5"},"gitHead":"b91712db7a4e2d625b64de13a4c226b62aa36a78","bugs":{"url":"https://github.com/nathanaelphilip/generator-frnt/issues"},"homepage":"https://github.com/nathanaelphilip/generator-frnt","_id":"generator-frnt@0.3.0","scripts":{},"_shasum":"b6f17416ddcc67d4bdab152cb2db76c52eaab1f5","_from":".","_npmVersion":"2.5.1","_nodeVersion":"0.12.0","_npmUser":{"name":"stitchdesignco","email":"dev@stitchdesignco.com"},"maintainers":[{"name":"stitchdesignco","email":"dev@stitchdesignco.com"}],"dist":{"shasum":"b6f17416ddcc67d4bdab152cb2db76c52eaab1f5","tarball":"http://registry.npmjs.org/generator-frnt/-/generator-frnt-0.3.0.tgz"}}
34 verbose stack new={"name":"generator-frnt","version":"0.3.0","description":"Front End Scaffolding for Stitch Projects","license":"MIT","main":"app/index.js","repository":{"type":"git","url":"https://github.com/nathanaelphilip/generator-frnt"},"author":{"name":"Nathanael Moody","email":"phil@stitchdesignco.com","url":"http://bitbucket.org/stitchdesignco/"},"engines":{"node":">=0.10.0"},"files":["app"],"keywords":["yeoman-generator"],"dependencies":{"yeoman-generator":"^0.18.8","chalk":"^0.5.1","yosay":"^1.0.2"},"devDependencies":{"mocha":"*"},"peerDependencies":{"yo":">=1.4.5"},"readme":"# generator-frnt\u000a\u000a> [Yeoman](http://yeoman.io) generator\u000a\u000a## FRNT\u000aA start up generator for Front End Web Projects.\u000a\u000a#### About\u000aFRNT reduces the amount of time it takes to start a website project.\u000aIt aims to be light and flexible and is built more for brochure sites than for large applications.\u000a\u000a### Install\u000a\u000aInstall\u000a\u000a`npm install -g generator-frnt`\u000a\u000aMake a new directory and cd into it:\u000a\u000a`mkdir new-website-project && cd $_`\u000a\u000aRun yo frnt to set things up!\u000a\u000a`yo frnt`\u000a\u000aChange into the html directory and start up gulp!\u000a\u000a`cd html; gulp`\u000a\u000a#### Technologies\u000a- [dandelion](https://github.com/scttnlsn/dandelion) (for deploying)\u000a- [gulp](http://gulpjs.com)\u000a- [myth](http://myth.io)\u000a- [sass](http://sass-lang.com) \u000a\u0009- [autoprefixing](https://www.npmjs.com/package/gulp-autoprefixer)\u000a- [css comb](http://csscomb.com)\u000a- [live reload](http://livereload.com)\u000a\u000a\u000a#### Issues\u000aFeel free to submit requests as issues!","readmeFilename":"README.md","gitHead":"58396d9dca49a61aff63cfc05e03207d37183ea6","bugs":{"url":"https://github.com/nathanaelphilip/generator-frnt/issues"},"homepage":"https://github.com/nathanaelphilip/generator-frnt","_id":"generator-frnt@0.3.0","scripts":{},"_shasum":"3a1bf4aa64deb53fd4ccdb1584553813077de857","_from":".","_npmVersion":"2.5.1","_nodeVersion":"0.12.0","_npmUser":{"name":"stitchdesignco","email":"dev@stitchdesignco.com"},"maintainers":[{"name":"stitchdesignco","email":"dev@stitchdesignco.com"}],"dist":{"shasum":"3a1bf4aa64deb53fd4ccdb1584553813077de857","tarball":"http://registry.npmjs.org/generator-frnt/-/generator-frnt-0.3.0.tgz"}}: generator-frnt
34 verbose stack     at CachingRegistryClient.<anonymous> (/usr/local/lib/node_modules/npm/node_modules/npm-registry-client/lib/request.js:254:14)
34 verbose stack     at Request._callback (/usr/local/lib/node_modules/npm/node_modules/npm-registry-client/lib/request.js:178:14)
34 verbose stack     at Request.self.callback (/usr/local/lib/node_modules/npm/node_modules/request/request.js:344:22)
34 verbose stack     at Request.emit (events.js:110:17)
34 verbose stack     at Request.<anonymous> (/usr/local/lib/node_modules/npm/node_modules/request/request.js:1239:14)
34 verbose stack     at Request.emit (events.js:129:20)
34 verbose stack     at IncomingMessage.<anonymous> (/usr/local/lib/node_modules/npm/node_modules/request/request.js:1187:12)
34 verbose stack     at IncomingMessage.emit (events.js:129:20)
34 verbose stack     at _stream_readable.js:908:16
34 verbose stack     at process._tickCallback (node.js:355:11)
35 verbose statusCode 403
36 verbose pkgid generator-frnt
37 verbose cwd /Users/Phil/Code/generator-frnt
38 error Darwin 14.1.0
39 error argv "node" "/usr/local/bin/npm" "publish"
40 error node v0.12.0
41 error npm  v2.5.1
42 error code E403
43 error forbidden cannot modify pre-existing version: 0.3.0
43 error old={"name":"generator-frnt","version":"0.3.0","description":"Front End Scaffolding for Stitch Projects","license":"MIT","main":"app/index.js","repository":{"type":"git","url":"https://github.com/nathanaelphilip/generator-frnt"},"author":{"name":"Nathanael Moody","email":"phil@stitchdesignco.com","url":"http://bitbucket.org/stitchdesignco/"},"engines":{"node":">=0.10.0"},"files":["app"],"keywords":["yeoman-generator"],"dependencies":{"yeoman-generator":"^0.18.8","chalk":"^0.5.1","yosay":"^1.0.2"},"devDependencies":{"mocha":"*"},"peerDependencies":{"yo":">=1.4.5"},"gitHead":"b91712db7a4e2d625b64de13a4c226b62aa36a78","bugs":{"url":"https://github.com/nathanaelphilip/generator-frnt/issues"},"homepage":"https://github.com/nathanaelphilip/generator-frnt","_id":"generator-frnt@0.3.0","scripts":{},"_shasum":"b6f17416ddcc67d4bdab152cb2db76c52eaab1f5","_from":".","_npmVersion":"2.5.1","_nodeVersion":"0.12.0","_npmUser":{"name":"stitchdesignco","email":"dev@stitchdesignco.com"},"maintainers":[{"name":"stitchdesignco","email":"dev@stitchdesignco.com"}],"dist":{"shasum":"b6f17416ddcc67d4bdab152cb2db76c52eaab1f5","tarball":"http://registry.npmjs.org/generator-frnt/-/generator-frnt-0.3.0.tgz"}}
43 error new={"name":"generator-frnt","version":"0.3.0","description":"Front End Scaffolding for Stitch Projects","license":"MIT","main":"app/index.js","repository":{"type":"git","url":"https://github.com/nathanaelphilip/generator-frnt"},"author":{"name":"Nathanael Moody","email":"phil@stitchdesignco.com","url":"http://bitbucket.org/stitchdesignco/"},"engines":{"node":">=0.10.0"},"files":["app"],"keywords":["yeoman-generator"],"dependencies":{"yeoman-generator":"^0.18.8","chalk":"^0.5.1","yosay":"^1.0.2"},"devDependencies":{"mocha":"*"},"peerDependencies":{"yo":">=1.4.5"},"readme":"# generator-frnt\u000a\u000a> [Yeoman](http://yeoman.io) generator\u000a\u000a## FRNT\u000aA start up generator for Front End Web Projects.\u000a\u000a#### About\u000aFRNT reduces the amount of time it takes to start a website project.\u000aIt aims to be light and flexible and is built more for brochure sites than for large applications.\u000a\u000a### Install\u000a\u000aInstall\u000a\u000a`npm install -g generator-frnt`\u000a\u000aMake a new directory and cd into it:\u000a\u000a`mkdir new-website-project && cd $_`\u000a\u000aRun yo frnt to set things up!\u000a\u000a`yo frnt`\u000a\u000aChange into the html directory and start up gulp!\u000a\u000a`cd html; gulp`\u000a\u000a#### Technologies\u000a- [dandelion](https://github.com/scttnlsn/dandelion) (for deploying)\u000a- [gulp](http://gulpjs.com)\u000a- [myth](http://myth.io)\u000a- [sass](http://sass-lang.com) \u000a\u0009- [autoprefixing](https://www.npmjs.com/package/gulp-autoprefixer)\u000a- [css comb](http://csscomb.com)\u000a- [live reload](http://livereload.com)\u000a\u000a\u000a#### Issues\u000aFeel free to submit requests as issues!","readmeFilename":"README.md","gitHead":"58396d9dca49a61aff63cfc05e03207d37183ea6","bugs":{"url":"https://github.com/nathanaelphilip/generator-frnt/issues"},"homepage":"https://github.com/nathanaelphilip/generator-frnt","_id":"generator-frnt@0.3.0","scripts":{},"_shasum":"3a1bf4aa64deb53fd4ccdb1584553813077de857","_from":".","_npmVersion":"2.5.1","_nodeVersion":"0.12.0","_npmUser":{"name":"stitchdesignco","email":"dev@stitchdesignco.com"},"maintainers":[{"name":"stitchdesignco","email":"dev@stitchdesignco.com"}],"dist":{"shasum":"3a1bf4aa64deb53fd4ccdb1584553813077de857","tarball":"http://registry.npmjs.org/generator-frnt/-/generator-frnt-0.3.0.tgz"}}: generator-frnt
44 error If you need help, you may report this error at:
44 error     <http://github.com/npm/npm/issues>
45 verbose exit [ 1, true ]
